<?xml version="1.0" encoding="UTF-8"?>
<!-- Generated by org.testng.reporters.JUnitReportReporter -->
<testsuite hostname="DESKTOP-0PTUKSN" failures="0" tests="5" name="testCases.Tc_VideoGameAPI" time="7.363" errors="0" timestamp="2022-07-13T13:44:57 IST" skipped="0">
  <testcase classname="testCases.Tc_VideoGameAPI" name="test_getAllVideoGames" time="4.390"/>
  <system-out/>
  <testcase classname="testCases.Tc_VideoGameAPI" name="test_addNewVideoGame" time="2.420"/>
  <system-out/>
  <testcase classname="testCases.Tc_VideoGameAPI" name="test_getVideoGame" time="0.311"/>
  <system-out/>
  <testcase classname="testCases.Tc_VideoGameAPI" name="test_updateVideoGame" time="0.144"/>
  <system-out/>
  <testcase classname="testCases.Tc_VideoGameAPI" name="test_deleteVideoGame" time="0.098"/>
  <system-out/>
</testsuite> <!-- testCases.Tc_VideoGameAPI -->
